i
-48 -39 -35 -29 -28 -27 -24 -24 -23 -21 -21 -20 -15 -15 -14 -10 -1 8 9 12 12 13 17 17 18 19 22 27 32 36 36 40 42 43 
f
-34 13 -24 13 -7 4 -21 23 29 31 41 30 37 24 39 8 43 6 
i
-45 -25 12 20 23 31 46 
f
-49 18 -2 1 -18 11 -21 13 -17 16 -34 47 -7 26 0 1 5 36 1 4 5 13 21 37 14 19 45 32 19 12 23 14 45 4 36 1 
i
-49 -49 -48 -44 -41 -33 -33 -31 -31 -26 -23 -22 -21 -21 -19 -18 -16 -11 -10 -9 -6 2 3 6 6 15 15 17 17 20 21 21 25 28 30 31 33 36 36 39 42 45 47 47 47 
f
-31 20 -3 7 
i
-32 -29 -27 -22 -10 -9 -5 -4 -1 1 5 14 29 38 43 46 
f
-16 1 
i
-36 -26 -23 -22 -18 -14 -13 -7 1 6 9 15 25 37 41 
f
-24 29 -15 43 8 45 21 13 
i
-46 -46 -44 -39 -37 -33 -32 -22 -22 -22 -21 -12 -10 -7 -7 13 19 26 38 
f
-4 1 -11 4 -23 13 -8 9 -7 20 33 40 36 19 49 22 25 6 
i
-46 -43 -39 -39 -28 -28 -22 -10 -7 -4 -2 5 18 47 49 
f
-28 1 -28 45 -11 20 1 4 45 49 15 7 
i
-50 -42 -34 -26 -26 -14 -13 2 8 12 18 21 23 29 32 49 
f
-17 5 -13 4 -37 18 -31 20 -3 2 -37 38 -29 32 -5 6 -17 44 14 43 9 23 10 13 8 9 49 46 20 17 49 31 
i
-49 -46 -45 -44 -41 -40 -39 -37 -37 -31 -30 -29 -29 -28 -28 -26 -25 -23 -22 -20 -14 -11 -10 -10 -8 -8 0 0 5 8 9 17 19 22 22 22 22 31 34 34 35 37 40 42 46 48 48 49 49 
f
-29 17 -46 29 -5 4 -1 1 -40 41 -43 45 5 44 7 9 19 23 29 34 46 37 26 5 11 1 
i
-48 -48 -24 -6 9 
f
-34 29 -22 39 -4 9 22 1 
i
-47 -42 -17 -17 -14 -2 3 8 48 
f
-7 1 -17 4 -3 1 -50 31 -36 25 -7 5 -6 7 -1 3 -5 23 -1 8 -1 40 0 1 1 23 1 14 11 48 13 47 22 47 25 38 38 47 44 47 22 23 36 29 47 17 10 1 25 2 
i
-50 -46 -35 -24 -23 -21 -21 -21 -18 -16 -15 -15 -12 -11 -10 -9 -8 -7 -7 -6 -1 -1 1 9 10 11 14 17 19 21 27 32 35 38 39 40 42 42 45 
f
-45 8 -26 7 -27 11 -2 1 -27 16 -5 3 -8 5 -31 41 46 17 
i
-50 -34 -24 -21 -4 -4 -3 2 20 28 36 40 44 
f
-30 19 
i
-45 -44 -43 -40 -38 -38 -38 -36 -33 -33 -32 -30 -23 -17 -13 -13 -12 -9 -5 -1 5 5 6 7 8 9 10 16 19 20 23 23 24 28 29 33 33 34 36 37 38 39 39 40 
f
-12 7 -9 32 21 50 12 25 
i
-35 -33 -29 -29 -28 -25 -20 -19 -19 -17 -13 -11 -10 -3 -3 1 4 7 7 7 8 12 13 19 20 23 24 24 31 31 32 40 41 41 42 43 44 48 49 
f
-14 1 -38 29 -1 1 -2 5 17 24 27 35 32 29 5 3 19 11 
i
-43 7 9 26 33 
f
-18 1 -45 13 -37 29 -49 39 -8 7 -1 1 -32 33 -12 13 -2 3 -20 43 -3 7 -16 41 -5 16 1 6 18 43 25 38 32 45 31 40 13 15 43 36 23 14 9 4 5 1 
i
-47 -46 -46 -45 -44 -40 -33 -33 -32 -30 -25 -24 -22 -20 -17 -15 -14 -13 -11 -7 -4 -1 0 1 3 5 8 11 13 13 17 18 21 23 23 27 31 35 35 39 40 41 41 45 46 
f
-29 20 -5 7 1 4 4 9 32 39 23 16 17 11 46 29 
i
-46 -36 -29 -28 -28 -27 -26 -26 -20 -20 -18 -15 -15 -10 -9 -7 -3 -3 -3 -2 0 4 4 7 9 9 12 12 13 15 21 22 22 23 28 32 33 33 36 48 48 
f
-34 1 -43 9 -47 30 -48 35 -17 21 -19 32 -1 3 -3 17 2 21 1 2 49 47 11 10 41 26 13 3 
i
-50 -41 -41 -36 -28 -27 -24 -19 -18 -12 -11 -3 0 0 3 4 17 25 28 29 31 31 37 39 40 
f
-37 7 -47 18 -46 25 -37 35 -31 47 -16 31 -1 6 12 47 45 49 32 31 44 35 33 26 44 31 23 14 30 17 42 1 
i
-41 -18 27 32 37 
f
-20 7 -39 35 -11 12 -13 17 -5 7 -1 2 5 16 11 25 36 35 25 22 16 13 
i
-40 -35 -32 -29 -25 -22 -13 -7 5 32 38 
f
-13 3 -47 23 -24 19 -40 43 1 40 24 19 3 2 2 1 33 7 21 1 27 1 
i
-50 -45 -42 -38 -33 -29 -25 -23 -22 -22 -19 -16 -15 -9 -5 2 2 4 5 7 16 16 18 22 24 26 26 27 28 32 33 34 37 43 43 45 47 47 48 49 49 
f
-44 1 -17 1 -33 4 -22 9 -22 13 -13 9 -22 21 -23 35 -9 20 0 1 2 15 3 20 9 35 13 41 7 20 16 29 32 49 30 37 11 12 7 4 
i
-50 -44 -38 -33 -12 1 11 14 17 19 33 39 
f
-15 1 -10 1 -15 2 -12 5 -1 1 -7 10 -29 43 -12 19 -11 19 -2 23 9 38 25 29 40 39 12 11 3 2 23 14 41 19 
i
-50 -46 -39 -37 -31 -31 -27 -27 -26 -17 -17 -17 -12 -10 -8 -7 -6 -5 -1 0 1 4 5 5 6 6 8 9 10 11 14 16 18 19 21 25 25 26 27 27 31 31 33 36 39 40 43 45 48 
f
-2 1 -34 33 -18 19 -19 21 7 16 7 12 27 37 22 23 43 32 
i
-48 -45 -40 -32 -31 -26 -24 -21 -20 -17 -9 -9 -2 3 9 10 12 24 30 30 30 35 43 46 47 48 
f
-41 12 -49 26 -40 37 -17 21 -20 29 -7 45 7 43 5 21 19 40 2 3 7 10 11 13 9 4 38 1 
i
-40 -18 19 19 36 
f
-7 4 -37 28 -35 36 -31 39 -5 9 -1 11 -1 49 13 37 29 44 16 17 20 17 35 1 
i
-48 -47 -46 -46 -45 -45 -40 -39 -38 -35 -32 -31 -31 -26 -21 -17 -16 -15 -13 -11 -8 -7 -6 3 3 4 7 9 10 12 13 19 19 23 37 37 39 49 
f
-28 3 -42 29 -1 2 -7 29 28 45 32 37 10 1 39 1 49 1 
i
-49 -44 -43 -42 -41 -38 -33 -33 -33 -30 -29 -28 -27 -24 -19 -17 -14 -13 -5 -2 3 4 6 9 14 15 16 19 19 21 30 34 42 44 44 45 45 
f
-13 1 -23 16 -37 36 -14 19 -7 22 0 1 2 21 2 5 8 11 41 39 26 17 22 9 49 20 35 9 
i
-48 -46 -37 -25 -22 -19 -12 -11 -4 7 21 33 40 48 
f
-11 2 -25 6 -13 5 -2 1 -44 37 -20 17 -11 12 -33 47 -9 13 -13 20 -11 24 -11 25 -2 5 -7 31 -1 5 -3 23 4 17 5 21 11 39 10 29 29 40 15 16 43 9 
i
-50 -49 -48 -46 -46 -44 -43 -41 -31 -27 -25 -20 -19 -19 -15 -11 -11 -10 -3 -1 1 1 3 11 13 14 15 23 29 33 34 36 41 42 46 
f
-25 1 -29 8 -22 15 -31 27 -9 8 -23 44 -6 19 2 13 1 3 18 37 5 8 8 9 16 15 11 7 31 7 
i
-50 -47 -43 -38 -34 -18 -15 -3 -2 -1 1 3 3 4 9 16 22 27 28 36 47 47 48 
f
-17 11 10 31 17 35 47 25 11 4 47 13 
i
-50 -42 -37 -36 -34 -21 -16 -1 15 25 29 35 35 47 47 
f
-16 1 -45 17 -32 15 -21 13 -47 34 -21 17 -21 19 -11 13 -16 35 -2 41 3 37 1 3 12 25 3 5 25 32 5 6 44 49 25 21 5 4 
i
-50 -48 -47 -43 -42 -42 -40 -39 -35 -35 -34 -30 -26 -26 -22 -18 -16 -16 -15 -13 -9 -8 -8 -7 1 3 10 11 11 12 12 13 15 16 19 20 29 31 32 34 36 37 38 43 46 46 46 
f
-19 4 -41 10 -18 7 -43 22 -9 5 -43 37 -31 37 -23 39 -6 25 1 8 33 49 15 22 5 6 8 9 40 43 1 1 13 9 17 11 9 4 
i
-50 -36 -32 -30 -28 -27 -21 -21 -18 -17 -16 -15 -15 -14 -11 -10 -7 -3 -1 -1 5 7 7 14 17 17 18 21 21 24 31 33 40 40 42 43 46 47 
f
-5 1 -14 3 -30 7 -33 10 -2 1 -8 5 -46 37 -22 19 -14 13 -47 45 -20 23 -27 32 -23 28 -16 25 -13 29 -13 42 10 33 2 3 29 24 5 1 
i
-50 -49 -47 -47 -41 -41 -38 -37 -30 -28 -27 -27 -21 -16 -12 -8 -8 -6 -3 4 4 5 5 7 8 9 10 11 16 18 21 21 23 23 23 26 30 30 31 31 34 37 40 46 48 49 
f
-8 1 
i
-46 -43 -38 
f
-4 3 -4 7 -8 25 2 3 4 1 
i
-50 -46 -41 -40 -30 -29 -23 -22 -19 -18 -17 -13 -9 -4 -2 6 8 8 13 15 18 19 24 36 
f
5 13 17 40 40 49 
i
-50 -45 -43 -43 -33 -32 -22 -18 -18 -17 -12 -12 -11 -8 -2 4 7 11 12 19 19 20 30 35 42 47 49 
f
-15 2 -11 2 -21 10 -37 25 -17 14 -8 7 -5 6 -3 4 -20 41 -7 15 -13 30 -1 23 3 25 5 8 35 38 22 15 3 2 50 29 7 4 3 1 7 1 48 5 
i
-45 -40 -38 -36 -35 -33 -30 -27 -26 -22 -20 -14 -14 -13 -11 -10 -2 -1 0 1 3 4 4 6 7 19 22 26 32 32 32 34 38 39 44 47 49 
f
-4 1 -31 11 -39 19 -44 25 -5 3 -47 34 -1 1 -10 11 -44 49 -34 39 -5 6 -14 27 -8 33 9 29 5 9 14 23 8 13 6 7 16 17 49 39 19 11 20 1 
i
-42 -38 -33 -31 -16 -15 -14 -13 -10 -4 16 17 17 27 36 36 43 46 
f
-20 1 -40 3 -5 2 -36 19 -25 19 -24 19 -1 1 -16 19 -25 32 -30 47 -24 49 -1 15 -1 40 1 30 1 16 11 46 17 48 11 26 11 17 15 19 8 7 25 8 45 13 
i
-50 -48 -45 -41 -39 -37 -24 -22 -22 -22 -21 -16 -16 -15 -14 -14 -12 -11 -8 -6 -3 -1 0 3 7 8 9 12 13 14 15 16 19 21 22 25 26 26 27 28 29 31 34 34 34 39 40 40 44 49 
f
-43 9 -46 17 -8 3 -8 3 -43 17 -17 32 -23 45 -11 23 -10 21 -2 5 -5 14 -12 37 -3 37 1 6 4 19 23 36 10 13 38 43 49 48 49 37 19 7 13 4 18 1 
i
-42 -14 -9 4 19 19 31 39 40 45 49 
f
-20 7 -43 16 -45 17 -2 1 -15 8 -44 39 -1 1 -36 37 -34 47 -1 26 1 5 4 9 24 49 23 12 2 1 11 4 32 1 
i
-45 -4 -2 23 40 45 
f
-40 1 -23 20 -21 20 -15 43 -1 6 -5 49 17 13 18 11 41 1 
i
-50 -49 -40 -39 -26 -25 -22 -21 -17 -16 -15 -14 -10 -8 -8 -7 -4 -3 -2 -1 0 1 5 6 6 6 8 9 10 14 14 22 25 25 31 35 44 46 47 
f
-31 21 1 6 
i
-47 -45 -43 -42 -37 -31 -29 -21 -20 -20 -6 -6 -5 -4 -3 2 8 8 17 20 36 36 44 46 48 
f
28 1 
i
-50 -49 -48 -48 -46 -46 -44 -43 -43 -42 -40 -40 -27 -24 -17 -13 -10 -4 -2 1 3 8 19 21 22 25 29 35 36 42 
f
-42 1 
i
-43 -39 -36 -32 -27 -24 -22 -22 -21 -20 -13 -9 -6 -5 1 6 7 7 9 10 11 12 22 28 28 32 33 34 36 37 38 44 
f
-11 2 -39 22 -1 4 -1 8 0 1 0 1 2 19 5 43 4 25 2 9 11 17 35 39 32 15 
i
-36 -26 -13 -9 -8 4 8 
f
-16 5 4 31 4 7 31 34 49 13 
i
-49 -45 -32 13 20 27 49 
f
-33 5 -19 18 -1 3 29 39 29 33 21 22 
i
-44 -43 -40 -39 -39 -37 -36 -36 -35 -33 -33 -32 -27 -26 -25 -24 -19 -19 -18 -15 -15 -13 -12 -9 -9 -8 -7 2 3 3 8 11 13 14 30 30 30 32 33 34 34 36 44 44 45 46 48 49 
f
-29 2 -3 1 -2 1 -5 3 -1 1 -15 22 -7 16 -15 46 0 1 3 16 6 13 13 22 35 41 25 26 3 2 13 8 37 15 38 11 38 11 34 9 8 1 41 5 
